24-03-2025 01:21:56 PM error: uncaughtException: Cannot set headers after they are sent to the client
Error [ERR_HTTP_HEADERS_SENT]: Cannot set headers after they are sent to the client
    at ServerResponse.setHeader (node:_http_outgoing:699:11)
    at ServerResponse.header (C:\Users\hp\Desktop\HospitalAppointmentSystem\node_modules\express\lib\response.js:794:10)
    at ServerResponse.send (C:\Users\hp\Desktop\HospitalAppointmentSystem\node_modules\express\lib\response.js:174:12)
    at ServerResponse.json (C:\Users\hp\Desktop\HospitalAppointmentSystem\node_modules\express\lib\response.js:278:15)
    at ServerResponse.send (C:\Users\hp\Desktop\HospitalAppointmentSystem\node_modules\express\lib\response.js:162:21)
    at userLogin (file:///C:/Users/hp/Desktop/HospitalAppointmentSystem/src/api/controller.js:148:32)
    at process.processTicksAndRejections (node:internal/process/task_queues:105:5) {
  "error": {
    "code": "ERR_HTTP_HEADERS_SENT"
  },
  "stack": "Error [ERR_HTTP_HEADERS_SENT]: Cannot set headers after they are sent to the client\n    at ServerResponse.setHeader (node:_http_outgoing:699:11)\n    at ServerResponse.header (C:\\Users\\hp\\Desktop\\HospitalAppointmentSystem\\node_modules\\express\\lib\\response.js:794:10)\n    at ServerResponse.send (C:\\Users\\hp\\Desktop\\HospitalAppointmentSystem\\node_modules\\express\\lib\\response.js:174:12)\n    at ServerResponse.json (C:\\Users\\hp\\Desktop\\HospitalAppointmentSystem\\node_modules\\express\\lib\\response.js:278:15)\n    at ServerResponse.send (C:\\Users\\hp\\Desktop\\HospitalAppointmentSystem\\node_modules\\express\\lib\\response.js:162:21)\n    at userLogin (file:///C:/Users/hp/Desktop/HospitalAppointmentSystem/src/api/controller.js:148:32)\n    at process.processTicksAndRejections (node:internal/process/task_queues:105:5)",
  "exception": true,
  "date": "Mon Mar 24 2025 13:21:56 GMT+0530 (India Standard Time)",
  "process": {
    "pid": 14152,
    "uid": null,
    "gid": null,
    "cwd": "C:\\Users\\hp\\Desktop\\HospitalAppointmentSystem",
    "execPath": "C:\\Program Files\\nodejs\\node.exe",
    "version": "v22.11.0",
    "argv": [
      "C:\\Program Files\\nodejs\\node.exe",
      "C:\\Users\\hp\\Desktop\\HospitalAppointmentSystem\\index.js"
    ],
    "memoryUsage": {
      "rss": 68427776,
      "heapTotal": 29626368,
      "heapUsed": 27665752,
      "external": 21961956,
      "arrayBuffers": 18321277
    }
  },
  "os": {
    "loadavg": [
      0,
      0,
      0
    ],
    "uptime": 2894.656
  },
  "trace": [
    {
      "column": 11,
      "file": "node:_http_outgoing",
      "function": "ServerResponse.setHeader",
      "line": 699,
      "method": "setHeader",
      "native": false
    },
    {
      "column": 10,
      "file": "C:\\Users\\hp\\Desktop\\HospitalAppointmentSystem\\node_modules\\express\\lib\\response.js",
      "function": "ServerResponse.header",
      "line": 794,
      "method": "header",
      "native": false
    },
    {
      "column": 12,
      "file": "C:\\Users\\hp\\Desktop\\HospitalAppointmentSystem\\node_modules\\express\\lib\\response.js",
      "function": "ServerResponse.send",
      "line": 174,
      "method": "send",
      "native": false
    },
    {
      "column": 15,
      "file": "C:\\Users\\hp\\Desktop\\HospitalAppointmentSystem\\node_modules\\express\\lib\\response.js",
      "function": "ServerResponse.json",
      "line": 278,
      "method": "json",
      "native": false
    },
    {
      "column": 21,
      "file": "C:\\Users\\hp\\Desktop\\HospitalAppointmentSystem\\node_modules\\express\\lib\\response.js",
      "function": "ServerResponse.send",
      "line": 162,
      "method": "send",
      "native": false
    },
    {
      "column": 32,
      "file": "file:///C:/Users/hp/Desktop/HospitalAppointmentSystem/src/api/controller.js",
      "function": "userLogin",
      "line": 148,
      "method": null,
      "native": false
    },
    {
      "column": 5,
      "file": "node:internal/process/task_queues",
      "function": "process.processTicksAndRejections",
      "line": 105,
      "method": "processTicksAndRejections",
      "native": false
    }
  ]
}
24-03-2025 02:40:21 PM error: uncaughtException: cancelAppointment is not defined
ReferenceError: cancelAppointment is not defined
    at file:///C:/Users/hp/Desktop/HospitalAppointmentSystem/src/api/booking/index.js:10:51
    at ModuleJob.run (node:internal/modules/esm/module_job:268:25)
    at async onImport.tracePromise.__proto__ (node:internal/modules/esm/loader:543:26)
    at async asyncRunEntryPointWithESMLoader (node:internal/modules/run_main:116:5) {
  "error": {},
  "stack": "ReferenceError: cancelAppointment is not defined\n    at file:///C:/Users/hp/Desktop/HospitalAppointmentSystem/src/api/booking/index.js:10:51\n    at ModuleJob.run (node:internal/modules/esm/module_job:268:25)\n    at async onImport.tracePromise.__proto__ (node:internal/modules/esm/loader:543:26)\n    at async asyncRunEntryPointWithESMLoader (node:internal/modules/run_main:116:5)",
  "exception": true,
  "date": "Mon Mar 24 2025 14:40:21 GMT+0530 (India Standard Time)",
  "process": {
    "pid": 17276,
    "uid": null,
    "gid": null,
    "cwd": "C:\\Users\\hp\\Desktop\\HospitalAppointmentSystem",
    "execPath": "C:\\Program Files\\nodejs\\node.exe",
    "version": "v22.11.0",
    "argv": [
      "C:\\Program Files\\nodejs\\node.exe",
      "C:\\Users\\hp\\Desktop\\HospitalAppointmentSystem\\index.js"
    ],
    "memoryUsage": {
      "rss": 83582976,
      "heapTotal": 61345792,
      "heapUsed": 32739424,
      "external": 21930834,
      "arrayBuffers": 18311802
    }
  },
  "os": {
    "loadavg": [
      0,
      0,
      0
    ],
    "uptime": 7599.265
  },
  "trace": [
    {
      "column": 51,
      "file": "file:///C:/Users/hp/Desktop/HospitalAppointmentSystem/src/api/booking/index.js",
      "function": null,
      "line": 10,
      "method": null,
      "native": false
    },
    {
      "column": 25,
      "file": "node:internal/modules/esm/module_job",
      "function": "ModuleJob.run",
      "line": 268,
      "method": "run",
      "native": false
    },
    {
      "column": 26,
      "file": "node:internal/modules/esm/loader",
      "function": "async onImport.tracePromise.__proto__",
      "line": 543,
      "method": "__proto__",
      "native": false
    },
    {
      "column": 5,
      "file": "node:internal/modules/run_main",
      "function": "async asyncRunEntryPointWithESMLoader",
      "line": 116,
      "method": null,
      "native": false
    }
  ]
}
24-03-2025 02:50:16 PM error: uncaughtException: getAppointments is not defined
ReferenceError: getAppointments is not defined
    at file:///C:/Users/hp/Desktop/HospitalAppointmentSystem/src/api/booking/index.js:12:49
    at ModuleJob.run (node:internal/modules/esm/module_job:268:25)
    at async onImport.tracePromise.__proto__ (node:internal/modules/esm/loader:543:26)
    at async asyncRunEntryPointWithESMLoader (node:internal/modules/run_main:116:5) {
  "error": {},
  "stack": "ReferenceError: getAppointments is not defined\n    at file:///C:/Users/hp/Desktop/HospitalAppointmentSystem/src/api/booking/index.js:12:49\n    at ModuleJob.run (node:internal/modules/esm/module_job:268:25)\n    at async onImport.tracePromise.__proto__ (node:internal/modules/esm/loader:543:26)\n    at async asyncRunEntryPointWithESMLoader (node:internal/modules/run_main:116:5)",
  "exception": true,
  "date": "Mon Mar 24 2025 14:50:16 GMT+0530 (India Standard Time)",
  "process": {
    "pid": 17692,
    "uid": null,
    "gid": null,
    "cwd": "C:\\Users\\hp\\Desktop\\HospitalAppointmentSystem",
    "execPath": "C:\\Program Files\\nodejs\\node.exe",
    "version": "v22.11.0",
    "argv": [
      "C:\\Program Files\\nodejs\\node.exe",
      "C:\\Users\\hp\\Desktop\\HospitalAppointmentSystem\\index.js"
    ],
    "memoryUsage": {
      "rss": 83587072,
      "heapTotal": 61345792,
      "heapUsed": 32752560,
      "external": 21930834,
      "arrayBuffers": 18311802
    }
  },
  "os": {
    "loadavg": [
      0,
      0,
      0
    ],
    "uptime": 8194.14
  },
  "trace": [
    {
      "column": 49,
      "file": "file:///C:/Users/hp/Desktop/HospitalAppointmentSystem/src/api/booking/index.js",
      "function": null,
      "line": 12,
      "method": null,
      "native": false
    },
    {
      "column": 25,
      "file": "node:internal/modules/esm/module_job",
      "function": "ModuleJob.run",
      "line": 268,
      "method": "run",
      "native": false
    },
    {
      "column": 26,
      "file": "node:internal/modules/esm/loader",
      "function": "async onImport.tracePromise.__proto__",
      "line": 543,
      "method": "__proto__",
      "native": false
    },
    {
      "column": 5,
      "file": "node:internal/modules/run_main",
      "function": "async asyncRunEntryPointWithESMLoader",
      "line": 116,
      "method": null,
      "native": false
    }
  ]
}
24-03-2025 02:50:22 PM error: uncaughtException: getAppointments is not defined
ReferenceError: getAppointments is not defined
    at file:///C:/Users/hp/Desktop/HospitalAppointmentSystem/src/api/booking/index.js:12:48
    at ModuleJob.run (node:internal/modules/esm/module_job:268:25)
    at async onImport.tracePromise.__proto__ (node:internal/modules/esm/loader:543:26)
    at async asyncRunEntryPointWithESMLoader (node:internal/modules/run_main:116:5) {
  "error": {},
  "stack": "ReferenceError: getAppointments is not defined\n    at file:///C:/Users/hp/Desktop/HospitalAppointmentSystem/src/api/booking/index.js:12:48\n    at ModuleJob.run (node:internal/modules/esm/module_job:268:25)\n    at async onImport.tracePromise.__proto__ (node:internal/modules/esm/loader:543:26)\n    at async asyncRunEntryPointWithESMLoader (node:internal/modules/run_main:116:5)",
  "exception": true,
  "date": "Mon Mar 24 2025 14:50:22 GMT+0530 (India Standard Time)",
  "process": {
    "pid": 11820,
    "uid": null,
    "gid": null,
    "cwd": "C:\\Users\\hp\\Desktop\\HospitalAppointmentSystem",
    "execPath": "C:\\Program Files\\nodejs\\node.exe",
    "version": "v22.11.0",
    "argv": [
      "C:\\Program Files\\nodejs\\node.exe",
      "C:\\Users\\hp\\Desktop\\HospitalAppointmentSystem\\index.js"
    ],
    "memoryUsage": {
      "rss": 84086784,
      "heapTotal": 61345792,
      "heapUsed": 33172632,
      "external": 21930834,
      "arrayBuffers": 18311802
    }
  },
  "os": {
    "loadavg": [
      0,
      0,
      0
    ],
    "uptime": 8200.078
  },
  "trace": [
    {
      "column": 48,
      "file": "file:///C:/Users/hp/Desktop/HospitalAppointmentSystem/src/api/booking/index.js",
      "function": null,
      "line": 12,
      "method": null,
      "native": false
    },
    {
      "column": 25,
      "file": "node:internal/modules/esm/module_job",
      "function": "ModuleJob.run",
      "line": 268,
      "method": "run",
      "native": false
    },
    {
      "column": 26,
      "file": "node:internal/modules/esm/loader",
      "function": "async onImport.tracePromise.__proto__",
      "line": 543,
      "method": "__proto__",
      "native": false
    },
    {
      "column": 5,
      "file": "node:internal/modules/run_main",
      "function": "async asyncRunEntryPointWithESMLoader",
      "line": 116,
      "method": null,
      "native": false
    }
  ]
}
24-03-2025 02:57:02 PM error: uncaughtException: getDocterAppointments is not defined
ReferenceError: getDocterAppointments is not defined
    at file:///C:/Users/hp/Desktop/HospitalAppointmentSystem/src/api/booking/index.js:14:54
    at ModuleJob.run (node:internal/modules/esm/module_job:268:25)
    at async onImport.tracePromise.__proto__ (node:internal/modules/esm/loader:543:26)
    at async asyncRunEntryPointWithESMLoader (node:internal/modules/run_main:116:5) {
  "error": {},
  "stack": "ReferenceError: getDocterAppointments is not defined\n    at file:///C:/Users/hp/Desktop/HospitalAppointmentSystem/src/api/booking/index.js:14:54\n    at ModuleJob.run (node:internal/modules/esm/module_job:268:25)\n    at async onImport.tracePromise.__proto__ (node:internal/modules/esm/loader:543:26)\n    at async asyncRunEntryPointWithESMLoader (node:internal/modules/run_main:116:5)",
  "exception": true,
  "date": "Mon Mar 24 2025 14:57:02 GMT+0530 (India Standard Time)",
  "process": {
    "pid": 19568,
    "uid": null,
    "gid": null,
    "cwd": "C:\\Users\\hp\\Desktop\\HospitalAppointmentSystem",
    "execPath": "C:\\Program Files\\nodejs\\node.exe",
    "version": "v22.11.0",
    "argv": [
      "C:\\Program Files\\nodejs\\node.exe",
      "C:\\Users\\hp\\Desktop\\HospitalAppointmentSystem\\index.js"
    ],
    "memoryUsage": {
      "rss": 84447232,
      "heapTotal": 61345792,
      "heapUsed": 32756896,
      "external": 21930834,
      "arrayBuffers": 18311802
    }
  },
  "os": {
    "loadavg": [
      0,
      0,
      0
    ],
    "uptime": 8599.984
  },
  "trace": [
    {
      "column": 54,
      "file": "file:///C:/Users/hp/Desktop/HospitalAppointmentSystem/src/api/booking/index.js",
      "function": null,
      "line": 14,
      "method": null,
      "native": false
    },
    {
      "column": 25,
      "file": "node:internal/modules/esm/module_job",
      "function": "ModuleJob.run",
      "line": 268,
      "method": "run",
      "native": false
    },
    {
      "column": 26,
      "file": "node:internal/modules/esm/loader",
      "function": "async onImport.tracePromise.__proto__",
      "line": 543,
      "method": "__proto__",
      "native": false
    },
    {
      "column": 5,
      "file": "node:internal/modules/run_main",
      "function": "async asyncRunEntryPointWithESMLoader",
      "line": 116,
      "method": null,
      "native": false
    }
  ]
}
